sample.interval=20000
"t.default" "t" "is.H2OFrame" "%*%" "train.dnn" "eval" "eval" "withVisible" "source" 
"pmax" "train.dnn" "eval" "eval" "withVisible" "source" 
"t.default" "t" "is.H2OFrame" "%*%" "train.dnn" "eval" "eval" "withVisible" "source" 
"rowSums" "train.dnn" "eval" "eval" "withVisible" "source" 
"order" "aperm.default" "aperm" "sweep" "predict.dnn" "train.dnn" "eval" "eval" "withVisible" "source" 
"order" "aperm.default" "aperm" "sweep" "predict.dnn" "train.dnn" "eval" "eval" "withVisible" "source" 
"order" "aperm.default" "aperm" "sweep" "predict.dnn" "train.dnn" "eval" "eval" "withVisible" "source" 
"order" "aperm.default" "aperm" "sweep" "predict.dnn" "train.dnn" "eval" "eval" "withVisible" "source" 
"order" "aperm.default" "aperm" "sweep" "predict.dnn" "train.dnn" "eval" "eval" "withVisible" "source" 
"order" "aperm.default" "aperm" "sweep" "predict.dnn" "train.dnn" "eval" "eval" "withVisible" "source" 
"order" "aperm.default" "aperm" "sweep" "predict.dnn" "train.dnn" "eval" "eval" "withVisible" "source" 
"order" "aperm.default" "aperm" "sweep" "predict.dnn" "train.dnn" "eval" "eval" "withVisible" "source" 
"order" "aperm.default" "aperm" "sweep" "predict.dnn" "train.dnn" "eval" "eval" "withVisible" "source" 
"order" "aperm.default" "aperm" "sweep" "predict.dnn" "train.dnn" "eval" "eval" "withVisible" "source" 
"order" "aperm.default" "aperm" "sweep" "predict.dnn" "train.dnn" "eval" "eval" "withVisible" "source" 
"aperm" "sweep" "train.dnn" "eval" "eval" "withVisible" "source" 
"sweep" "train.dnn" "eval" "eval" "withVisible" "source" 
"get" "getExportedValue" "::" "is.H2OFrame" "log" "train.dnn" "eval" "eval" "withVisible" "source" 
"*" "train.dnn" "eval" "eval" "withVisible" "source" 
"is.H2OFrame" "%*%" "train.dnn" "eval" "eval" "withVisible" "source" 
"train.dnn" "eval" "eval" "withVisible" "source" 
"<Anonymous>" "%*%" "sweep" "train.dnn" "eval" "eval" "withVisible" "source" 
"exp" "train.dnn" "eval" "eval" "withVisible" "source" 
"rowSums" "train.dnn" "eval" "eval" "withVisible" "source" 
"get" "match.fun" "sweep" "train.dnn" "eval" "eval" "withVisible" "source" 
"rowSums" "train.dnn" "eval" "eval" "withVisible" "source" 
"[[.data.frame" "[[" "data.matrix" "predict.dnn" "train.dnn" "eval" "eval" "withVisible" "source" 
"<Anonymous>" "%*%" "sweep" "train.dnn" "eval" "eval" "withVisible" "source" 
"aperm.default" "aperm" "sweep" "train.dnn" "eval" "eval" "withVisible" "source" 
"colSums" "train.dnn" "eval" "eval" "withVisible" "source" 
"vapply" "pmax" "train.dnn" "eval" "eval" "withVisible" "source" 
"is.array" "colSums" "train.dnn" "eval" "eval" "withVisible" "source" 
"train.dnn" "eval" "eval" "withVisible" "source" 
"aperm.default" "aperm" "sweep" "train.dnn" "eval" "eval" "withVisible" "source" 
"get" "match.fun" "sweep" "train.dnn" "eval" "eval" "withVisible" "source" 
"sum" "train.dnn" "eval" "eval" "withVisible" "source" 
"colSums" "train.dnn" "eval" "eval" "withVisible" "source" 
"isNamespace" "asNamespace" "getExportedValue" "::" "is.H2OFrame" "&&" "train.dnn" "eval" "eval" "withVisible" "source" 
"pmax" "train.dnn" "eval" "eval" "withVisible" "source" 
"is.H2OFrame" "%*%" "train.dnn" "eval" "eval" "withVisible" "source" 
"class" "is.H2OFrame" "%*%" "sweep" "train.dnn" "eval" "eval" "withVisible" "source" 
"log" "train.dnn" "eval" "eval" "withVisible" "source" 
"log" "train.dnn" "eval" "eval" "withVisible" "source" 
"<=" "train.dnn" "eval" "eval" "withVisible" "source" 
"is.na" "mostattributes<-" "pmax" "train.dnn" "eval" "eval" "withVisible" "source" 
"is.na" "mostattributes<-" "pmax" "train.dnn" "eval" "eval" "withVisible" "source" 
"getExportedValue" "::" "is.H2OFrame" "log" "train.dnn" "eval" "eval" "withVisible" "source" 
"getExportedValue" "::" "is.H2OFrame" "%*%" "sweep" "train.dnn" "eval" "eval" "withVisible" "source" 
"aperm.default" "aperm" "sweep" "train.dnn" "eval" "eval" "withVisible" "source" 
"class" "is.H2OFrame" "%*%" "sweep" "train.dnn" "eval" "eval" "withVisible" "source" 
"mostattributes<-" "pmax" "train.dnn" "eval" "eval" "withVisible" "source" 
"<Anonymous>" "%*%" "train.dnn" "eval" "eval" "withVisible" "source" 
"array" "aperm" "sweep" "train.dnn" "eval" "eval" "withVisible" "source" 
"train.dnn" "eval" "eval" "withVisible" "source" 
"aperm.default" "aperm" "sweep" "train.dnn" "eval" "eval" "withVisible" "source" 
"rowSums" "train.dnn" "eval" "eval" "withVisible" "source" 
"aperm.default" "aperm" "sweep" "train.dnn" "eval" "eval" "withVisible" "source" 
"get" "getExportedValue" "::" "is.H2OFrame" "log" "train.dnn" "eval" "eval" "withVisible" "source" 
"rowSums" "train.dnn" "eval" "eval" "withVisible" "source" 
"vapply" "pmax" "train.dnn" "eval" "eval" "withVisible" "source" 
